[    0.000000] Initializing cgroup subsys cpuset
[    0.000000] Initializing cgroup subsys cpu
[    0.000000] Initializing cgroup subsys cpuacct
[    0.000000] Linux version 4.4.0-96-generic (buildd@lgw01-10) (gcc version 5.4.0 20160609 (Ubuntu 5.4.0-6ubuntu1~16.04.4) ) #119-Ubuntu SMP Tue Sep 12 14:59:54 UTC 2017 (Ubuntu 4.4.0-96.119-generic 4.4.83)
[    0.000000] Command line: BOOT_IMAGE=/boot/vmlinuz-4.4.0-96-generic root=LABEL=cloudimg-rootfs ro console=tty1 console=ttyS0
[    0.000000] KERNEL supported cpus:
[    0.000000]   Intel GenuineIntel
[    0.000000]   AMD AuthenticAMD
[    0.000000]   Centaur CentaurHauls
[    0.000000] x86/fpu: xstate_offset[2]:  576, xstate_sizes[2]:  256
[    0.000000] x86/fpu: Supporting XSAVE feature 0x01: 'x87 floating point registers'
[    0.000000] x86/fpu: Supporting XSAVE feature 0x02: 'SSE registers'
[    0.000000] x86/fpu: Supporting XSAVE feature 0x04: 'AVX registers'
[    0.000000] x86/fpu: Enabled xstate features 0x7, context size is 832 bytes, using 'standard' format.
[    0.000000] x86/fpu: Using 'lazy' FPU context switches.
[    0.000000] e820: BIOS-provided physical RAM map:
[    0.000000] BIOS-e820: [mem 0x0000000000000000-0x000000000009fbff] usable
[    0.000000] BIOS-e820: [mem 0x000000000009fc00-0x000000000009ffff] reserved
[    0.000000] BIOS-e820: [mem 0x00000000000f0000-0x00000000000fffff] reserved
[    0.000000] BIOS-e820: [mem 0x0000000000100000-0x000000003ffeffff] usable
[    0.000000] BIOS-e820: [mem 0x000000003fff0000-0x000000003fffffff] ACPI data
[    0.000000] BIOS-e820: [mem 0x00000000fec00000-0x00000000fec00fff] reserved
[    0.000000] BIOS-e820: [mem 0x00000000fee00000-0x00000000fee00fff] reserved
[    0.000000] BIOS-e820: [mem 0x00000000fffc0000-0x00000000ffffffff] reserved
[    0.000000] NX (Execute Disable) protection: active
[    0.000000] SMBIOS 2.5 present.
[    0.000000] Hypervisor detected: KVM
[    0.000000] e820: last_pfn = 0x3fff0 max_arch_pfn = 0x400000000
[    0.000000] MTRR: Disabled
[    0.000000] x86/PAT: MTRRs disabled, skipping PAT initialization too.
[    0.000000] CPU MTRRs all blank - virtualized system.
[    0.000000] x86/PAT: Configuration [0-7]: WB  WT  UC- UC  WB  WT  UC- UC  
[    0.000000] found SMP MP-table at [mem 0x0009fff0-0x0009ffff] mapped at [ffff88000009fff0]
[    0.000000] Scanning 1 areas for low memory corruption
[    0.000000] RAMDISK: [mem 0x36ac6000-0x3755afff]
[    0.000000] ACPI: Early table checksum verification disabled
[    0.000000] ACPI: RSDP 0x00000000000E0000 000024 (v02 VBOX  )
[    0.000000] ACPI: XSDT 0x000000003FFF0030 00003C (v01 VBOX   VBOXXSDT 00000001 ASL  00000061)
[    0.000000] ACPI: FACP 0x000000003FFF00F0 0000F4 (v04 VBOX   VBOXFACP 00000001 ASL  00000061)
[    0.000000] ACPI: DSDT 0x000000003FFF0470 0021C8 (v02 VBOX   VBOXBIOS 00000002 INTL 20100528)
[    0.000000] ACPI: FACS 0x000000003FFF0200 000040
[    0.000000] ACPI: FACS 0x000000003FFF0200 000040
[    0.000000] ACPI: APIC 0x000000003FFF0240 00005C (v02 VBOX   VBOXAPIC 00000001 ASL  00000061)
[    0.000000] ACPI: SSDT 0x000000003FFF02A0 0001CC (v01 VBOX   VBOXCPUT 00000002 INTL 20100528)
[    0.000000] No NUMA configuration found
[    0.000000] Faking a node at [mem 0x0000000000000000-0x000000003ffeffff]
[    0.000000] NODE_DATA(0) allocated [mem 0x3ffeb000-0x3ffeffff]
[    0.000000] kvm-clock: Using msrs 4b564d01 and 4b564d00
[    0.000000] kvm-clock: cpu 0, msr 0:3ffe3001, primary cpu clock
[    0.000000] kvm-clock: using sched offset of 3309215790 cycles
[    0.000000] clocksource: kvm-clock: mask: 0xffffffffffffffff max_cycles: 0x1cd42e4dffb, max_idle_ns: 881590591483 ns
[    0.000000] Zone ranges:
[    0.000000]   DMA      [mem 0x0000000000001000-0x0000000000ffffff]
[    0.000000]   DMA32    [mem 0x0000000001000000-0x000000003ffeffff]
[    0.000000]   Normal   empty
[    0.000000]   Device   empty
[    0.000000] Movable zone start for each node
[    0.000000] Early memory node ranges
[    0.000000]   node   0: [mem 0x0000000000001000-0x000000000009efff]
[    0.000000]   node   0: [mem 0x0000000000100000-0x000000003ffeffff]
[    0.000000] Initmem setup node 0 [mem 0x0000000000001000-0x000000003ffeffff]
[    0.000000] ACPI: PM-Timer IO Port: 0x4008
[    0.000000] IOAPIC[0]: apic_id 2, version 32, address 0xfec00000, GSI 0-23
[    0.000000] ACPI: INT_SRC_OVR (bus 0 bus_irq 0 global_irq 2 dfl dfl)
[    0.000000] ACPI: INT_SRC_OVR (bus 0 bus_irq 9 global_irq 9 high level)
[    0.000000] Using ACPI (MADT) for SMP configuration information
[    0.000000] smpboot: Allowing 2 CPUs, 0 hotplug CPUs
[    0.000000] PM: Registered nosave memory: [mem 0x00000000-0x00000fff]
[    0.000000] PM: Registered nosave memory: [mem 0x0009f000-0x0009ffff]
[    0.000000] PM: Registered nosave memory: [mem 0x000a0000-0x000effff]
[    0.000000] PM: Registered nosave memory: [mem 0x000f0000-0x000fffff]
[    0.000000] e820: [mem 0x40000000-0xfebfffff] available for PCI devices
[    0.000000] Booting paravirtualized kernel on KVM
[    0.000000] clocksource: refined-jiffies: mask: 0xffffffff max_cycles: 0xffffffff, max_idle_ns: 7645519600211568 ns
[    0.000000] setup_percpu: NR_CPUS:512 nr_cpumask_bits:512 nr_cpu_ids:2 nr_node_ids:1
[    0.000000] PERCPU: Embedded 34 pages/cpu @ffff88003fc00000 s98328 r8192 d32744 u1048576
[    0.000000] PV qspinlock hash table entries: 256 (order: 0, 4096 bytes)
[    0.000000] Built 1 zonelists in Node order, mobility grouping on.  Total pages: 257913
[    0.000000] Policy zone: DMA32
[    0.000000] Kernel command line: BOOT_IMAGE=/boot/vmlinuz-4.4.0-96-generic root=LABEL=cloudimg-rootfs ro console=tty1 console=ttyS0
[    0.000000] PID hash table entries: 4096 (order: 3, 32768 bytes)
[    0.000000] Memory: 1001728K/1048120K available (8479K kernel code, 1294K rwdata, 3984K rodata, 1492K init, 1316K bss, 46392K reserved, 0K cma-reserved)
[    0.000000] SLUB: HWalign=64, Order=0-3, MinObjects=0, CPUs=2, Nodes=1
[    0.000000] Hierarchical RCU implementation.
[    0.000000] 	Build-time adjustment of leaf fanout to 64.
[    0.000000] 	RCU restricting CPUs from NR_CPUS=512 to nr_cpu_ids=2.
[    0.000000] RCU: Adjusting geometry for rcu_fanout_leaf=64, nr_cpu_ids=2
[    0.000000] NR_IRQS:33024 nr_irqs:440 16
[    0.000000] Console: colour VGA+ 80x25
[    0.000000] console [tty1] enabled
[    0.000000] console [ttyS0] enabled
[    0.000000] tsc: Detected 2693.764 MHz processor
[    3.184244] Calibrating delay loop (skipped) preset value.. 5387.52 BogoMIPS (lpj=10775056)
[    3.192149] pid_max: default: 32768 minimum: 301
[    3.198424] ACPI: Core revision 20150930
[    3.204732] ACPI: 2 ACPI AML tables successfully acquired and loaded
[    3.227558] Security Framework initialized
[    3.240341] Yama: becoming mindful.
[    3.259228] AppArmor: AppArmor initialized
[    3.290931] Dentry cache hash table entries: 131072 (order: 8, 1048576 bytes)
[    3.319305] Inode-cache hash table entries: 65536 (order: 7, 524288 bytes)
[    3.355862] Mount-cache hash table entries: 2048 (order: 2, 16384 bytes)
[    3.398181] Mountpoint-cache hash table entries: 2048 (order: 2, 16384 bytes)
[    3.420653] Initializing cgroup subsys io
[    3.439852] Initializing cgroup subsys memory
[    3.467015] Initializing cgroup subsys devices
[    3.469147] Initializing cgroup subsys freezer
[    3.489068] Initializing cgroup subsys net_cls
[    3.510984] Initializing cgroup subsys perf_event
[    3.539003] Initializing cgroup subsys net_prio
[    3.559088] Initializing cgroup subsys hugetlb
[    3.586698] Initializing cgroup subsys pids
[    3.611043] CPU: Physical Processor ID: 0
[    3.624376] CPU: Processor Core ID: 0
[    3.640098] mce: CPU supports 0 MCE banks
[    3.678067] Last level iTLB entries: 4KB 1024, 2MB 1024, 4MB 1024
[    3.718722] Last level dTLB entries: 4KB 1024, 2MB 1024, 4MB 1024, 1GB 4
[    3.740978] Freeing SMP alternatives memory: 32K
[    3.767073] ftrace: allocating 32146 entries in 126 pages
[    3.830350] smpboot: APIC(0) Converting physical 0 to logical package 0
[    3.898985] smpboot: Max logical packages: 1
[    3.916691] x2apic enabled
[    3.946749] Switched APIC routing to physical x2apic.
[    3.967661] ..TIMER: vector=0x30 apic1=0 pin1=2 apic2=-1 pin2=-1
[    4.105818] smpboot: CPU0: Intel(R) Core(TM) i7-4600U CPU @ 2.10GHz (family: 0x6, model: 0x45, stepping: 0x1)
[    4.199818] Performance Events: unsupported p6 CPU model 69 no PMU driver, software events only.
[    4.215024] KVM setup paravirtual spinlock
[    4.216574] x86: Booting SMP configuration:
[    4.227423] .... node  #0, CPUs:      #1
[    4.239620] kvm-clock: cpu 1, msr 0:3ffe3041, secondary cpu clock
[    4.262371] mce: CPU supports 0 MCE banks
[    4.265076] x86: Booted up 1 node, 2 CPUs
[    4.266582] smpboot: Total of 2 processors activated (10775.05 BogoMIPS)
[    4.291949] devtmpfs: initialized
[    4.302726] evm: security.selinux
[    4.319296] evm: security.SMACK64
[    4.320034] evm: security.SMACK64EXEC
[    4.322768] evm: security.SMACK64TRANSMUTE
[    4.345728] evm: security.SMACK64MMAP
[    4.375830] evm: security.ima
[    4.388610] evm: security.capability
[    4.428021] clocksource: jiffies: mask: 0xffffffff max_cycles: 0xffffffff, max_idle_ns: 7645041785100000 ns
[    4.484109] futex hash table entries: 512 (order: 3, 32768 bytes)
[    4.498955] pinctrl core: initialized pinctrl subsystem
[    4.518594] RTC time: 22:32:23, date: 09/19/17
[    4.527253] NET: Registered protocol family 16
[    4.559460] cpuidle: using governor ladder
[    4.582804] cpuidle: using governor menu
[    4.590890] PCCT header not found.
[    4.603976] ACPI: bus type PCI registered
[    4.636017] acpiphp: ACPI Hot Plug PCI Controller Driver version: 0.5
[    4.692824] PCI: Using configuration type 1 for base access
[    4.756748] ACPI: Added _OSI(Module Device)
[    4.823809] ACPI: Added _OSI(Processor Device)
[    4.847883] ACPI: Added _OSI(3.0 _SCP Extensions)
[    4.855332] ACPI: Added _OSI(Processor Aggregator Device)
[    4.924252] ACPI: Executed 1 blocks of module-level executable AML code
[    4.980100] ACPI: Interpreter enabled
[    5.004512] ACPI: (supports S0 S5)
[    5.023717] ACPI: Using IOAPIC for interrupt routing
[    5.025069] PCI: Using host bridge windows from ACPI; if necessary, use "pci=nocrs" and report a bug
[    5.075975] ACPI: PCI Root Bridge [PCI0] (domain 0000 [bus 00-ff])
[    5.113080] acpi PNP0A03:00: _OSC: OS supports [ASPM ClockPM Segments MSI]
[    5.140691] acpi PNP0A03:00: _OSC failed (AE_NOT_FOUND); disabling ASPM
[    5.196450] acpi PNP0A03:00: fail to add MMCONFIG information, can't access extended PCI configuration space under this bridge.
[    5.278995] PCI host bridge to bus 0000:00
[    5.298511] pci_bus 0000:00: root bus resource [io  0x0000-0x0cf7 window]
[    5.320465] pci_bus 0000:00: root bus resource [io  0x0d00-0xffff window]
[    5.324608] pci_bus 0000:00: root bus resource [mem 0x000a0000-0x000bffff window]
[    5.352388] pci_bus 0000:00: root bus resource [mem 0x40000000-0xffdfffff window]
[    5.374253] pci_bus 0000:00: root bus resource [bus 00-ff]
[    5.423640] pci 0000:00:01.1: legacy IDE quirk: reg 0x10: [io  0x01f0-0x01f7]
[    5.440531] pci 0000:00:01.1: legacy IDE quirk: reg 0x14: [io  0x03f6]
[    5.489998] pci 0000:00:01.1: legacy IDE quirk: reg 0x18: [io  0x0170-0x0177]
[    5.518806] pci 0000:00:01.1: legacy IDE quirk: reg 0x1c: [io  0x0376]
[    5.550179] pci 0000:00:07.0: quirk: [io  0x4000-0x403f] claimed by PIIX4 ACPI
[    5.614018] pci 0000:00:07.0: quirk: [io  0x4100-0x410f] claimed by PIIX4 SMB
[    5.691649] ACPI: PCI Interrupt Link [LNKA] (IRQs 5 9 10 *11)
[    5.740888] ACPI: PCI Interrupt Link [LNKB] (IRQs 5 9 10 *11)
[    5.759643] ACPI: PCI Interrupt Link [LNKC] (IRQs 5 9 *10 11)
[    5.800105] ACPI: PCI Interrupt Link [LNKD] (IRQs 5 *9 10 11)
[    5.833207] ACPI: Enabled 2 GPEs in block 00 to 07
[    5.838712] vgaarb: setting as boot device: PCI:0000:00:02.0
[    5.866977] vgaarb: device added: PCI:0000:00:02.0,decodes=io+mem,owns=io+mem,locks=none
[    5.881776] vgaarb: loaded
[    5.906777] vgaarb: bridge control possible 0000:00:02.0
[    5.958847] SCSI subsystem initialized
[    6.002784] ACPI: bus type USB registered
[    6.018377] usbcore: registered new interface driver usbfs
[    6.039817] usbcore: registered new interface driver hub
[    6.049330] usbcore: registered new device driver usb
[    6.059871] PCI: Using ACPI for IRQ routing
[    6.079509] NetLabel: Initializing
[    6.099700] NetLabel:  domain hash size = 128
[    6.138525] NetLabel:  protocols = UNLABELED CIPSOv4
[    6.167416] NetLabel:  unlabeled traffic allowed by default
[    6.197520] amd_nb: Cannot enumerate AMD northbridges
[    6.238571] clocksource: Switched to clocksource kvm-clock
[    6.279683] AppArmor: AppArmor Filesystem Enabled
[    6.350015] pnp: PnP ACPI init
[    6.356038] pnp: PnP ACPI: found 3 devices
[    6.375985] clocksource: acpi_pm: mask: 0xffffff max_cycles: 0xffffff, max_idle_ns: 2085701024 ns
[    6.420715] NET: Registered protocol family 2
[    6.508355] TCP established hash table entries: 8192 (order: 4, 65536 bytes)
[    6.540336] TCP bind hash table entries: 8192 (order: 5, 131072 bytes)
[    6.665782] TCP: Hash tables configured (established 8192 bind 8192)
[    6.667035] UDP hash table entries: 512 (order: 2, 16384 bytes)
[    6.720140] UDP-Lite hash table entries: 512 (order: 2, 16384 bytes)
[    6.799323] NET: Registered protocol family 1
[    6.839865] pci 0000:00:00.0: Limiting direct PCI/PCI transfers
[    6.920407] pci 0000:00:01.0: Activating ISA DMA hang workarounds
[    6.940799] Unpacking initramfs...
[    8.926996] Freeing initrd memory: 10836K
[    8.957862] RAPL PMU detected, API unit is 2^-32 Joules, 4 fixed counters 10737418240 ms ovfl timer
[    9.039886] hw unit of domain pp0-core 2^-0 Joules
[    9.059614] hw unit of domain package 2^-0 Joules
[    9.099147] hw unit of domain dram 2^-0 Joules
[    9.148852] hw unit of domain pp1-gpu 2^-0 Joules
[    9.184311] platform rtc_cmos: registered platform RTC device (no PNP device found)
[    9.210619] Scanning for low memory corruption every 60 seconds
[    9.256696] audit: initializing netlink subsys (disabled)
[    9.275387] audit: type=2000 audit(1505860348.289:1): initialized
[    9.319168] Initialise system trusted keyring
[    9.339589] HugeTLB registered 2 MB page size, pre-allocated 0 pages
[    9.380782] zbud: loaded
[    9.417746] VFS: Disk quotas dquot_6.6.0
[    9.432483] VFS: Dquot-cache hash table entries: 512 (order 0, 4096 bytes)
[    9.478883] squashfs: version 4.0 (2009/01/31) Phillip Lougher
[    9.515919] fuse init (API version 7.23)
[    9.527035] Key type big_key registered
[    9.533971] Allocating IMA MOK and blacklist keyrings.
[    9.536483] Key type asymmetric registered
[    9.541597] Asymmetric key parser 'x509' registered
[    9.544089] Block layer SCSI generic (bsg) driver version 0.4 loaded (major 249)
[    9.550698] io scheduler noop registered
[    9.556879] io scheduler deadline registered (default)
[    9.570206] io scheduler cfq registered
[    9.573589] pci_hotplug: PCI Hot Plug PCI Core version: 0.5
[    9.574685] pciehp: PCI Express Hot Plug Controller Driver version: 0.4
[    9.593634] ACPI: AC Adapter [AC] (on-line)
[    9.613385] input: Power Button as /devices/LNXSYSTM:00/LNXPWRBN:00/input/input0
[    9.626933] ACPI: Power Button [PWRF]
[    9.638826] input: Sleep Button as /devices/LNXSYSTM:00/LNXSLPBN:00/input/input1
[    9.659308] ACPI: Sleep Button [SLPF]
[    9.661376] ACPI: Battery Slot [BAT0] (battery present)
[    9.709184] GHES: HEST is not enabled!
[    9.732645] Serial: 8250/16550 driver, 32 ports, IRQ sharing enabled
ÿ[    9.764639] 00:02: ttyS0 at I/O 0x3f8 (irq = 4, base_baud = 115200) is a 16550A
[    9.808489] Linux agpgart interface v0.103
[    9.851177] loop: module loaded
[    9.859116] scsi host0: ata_piix
[    9.889414] scsi host1: ata_piix
[    9.916107] ata1: PATA max UDMA/33 cmd 0x1f0 ctl 0x3f6 bmdma 0xd000 irq 14
[   10.000516] ata2: PATA max UDMA/33 cmd 0x170 ctl 0x376 bmdma 0xd008 irq 15
[   10.040475] libphy: Fixed MDIO Bus: probed
[   10.060203] tun: Universal TUN/TAP device driver, 1.6
[   10.092115] tun: (C) 1999-2004 Max Krasnyansky <maxk@qualcomm.com>
[   10.122738] PPP generic driver version 2.4.2
[   10.126996] ehci_hcd: USB 2.0 'Enhanced' Host Controller (EHCI) Driver
[   10.163126] ehci-pci: EHCI PCI platform driver
[   10.178227] ehci-platform: EHCI generic platform driver
[   10.183219] tsc: Refined TSC clocksource calibration: 2693.875 MHz
[   10.183221] clocksource: tsc: mask: 0xffffffffffffffff max_cycles: 0x26d4a4429db, max_idle_ns: 440795247978 ns
[   10.275941] ohci_hcd: USB 1.1 'Open' Host Controller (OHCI) Driver
[   10.322593] ohci-pci: OHCI PCI platform driver
[   10.330672] ohci-platform: OHCI generic platform driver
[   10.339457] uhci_hcd: USB Universal Host Controller Interface driver
[   10.381201] i8042: PNP: PS/2 Controller [PNP0303:PS2K,PNP0f03:PS2M] at 0x60,0x64 irq 1,12
[   10.397392] serio: i8042 KBD port at 0x60,0x64 irq 1
[   10.448563] serio: i8042 AUX port at 0x60,0x64 irq 12
[   10.478779] mousedev: PS/2 mouse device common for all mice
[   10.499583] rtc_cmos rtc_cmos: rtc core: registered rtc_cmos as rtc0
[   10.572590] input: AT Translated Set 2 keyboard as /devices/platform/i8042/serio0/input/input2
[   10.572594] rtc_cmos rtc_cmos: alarms up to one day, 114 bytes nvram
[   10.572607] i2c /dev entries driver
[   10.572665] device-mapper: uevent: version 1.0.3
[   10.602882] device-mapper: ioctl: 4.34.0-ioctl (2015-10-28) initialised: dm-devel@redhat.com
[   10.602902] ledtrig-cpu: registered to indicate activity on CPUs
[   10.603264] NET: Registered protocol family 10
[   10.603429] NET: Registered protocol family 17
[   10.603440] Key type dns_resolver registered
[   10.603636] microcode: CPU0 sig=0x40651, pf=0x40, revision=0x0
[   10.605483] microcode: CPU1 sig=0x40651, pf=0x40, revision=0x0
[   10.605596] microcode: Microcode Update Driver: v2.01 <tigran@aivazian.fsnet.co.uk>, Peter Oruba
[   10.605768] registered taskstats version 1
[   10.605787] Loading compiled-in X.509 certificates
[   10.606820] Loaded X.509 cert 'Build time autogenerated kernel key: b1a6ea8776bed2812c00d8a799f968274ef48628'
[   10.606850] zswap: loaded using pool lzo/zbud
[   10.608847] Key type trusted registered
[   10.611845] Key type encrypted registered
[   10.611853] AppArmor: AppArmor sha1 policy hashing enabled
[   10.611856] ima: No TPM chip found, activating TPM-bypass!
[   10.611878] evm: HMAC attrs: 0x1
[   10.612178]   Magic number: 1:260:553
[   10.612194] tty ttyS29: hash matches
[   10.614870] rtc_cmos rtc_cmos: setting system clock to 2017-09-19 22:32:29 UTC (1505860349)
[   10.615069] BIOS EDD facility v0.16 2004-Jun-25, 0 devices found
[   10.615069] EDD information not available.
[   11.210416] Freeing unused kernel memory: 1492K
[   11.226850] Write protecting the kernel read-only data: 14336k
[   11.241779] Freeing unused kernel memory: 1748K
[   11.261191] Freeing unused kernel memory: 112K
Loading, please [   11.301821] random: systemd-udevd: uninitialized urandom read (16 bytes read, 3 bits of entropy available)
wait...
startin[   11.302468] random: udevadm: uninitialized urandom read (16 bytes read, 3 bits of entropy available)
g version 229
[   11.302506] random: udevadm: uninitialized urandom read (16 bytes read, 3 bits of entropy available)
[   11.302628] random: udevadm: uninitialized urandom read (16 bytes read, 3 bits of entropy available)
[   11.302672] random: udevadm: uninitialized urandom read (16 bytes read, 3 bits of entropy available)
[   11.302715] random: udevadm: uninitialized urandom read (16 bytes read, 3 bits of entropy available)
[   11.302865] random: udevadm: uninitialized urandom read (16 bytes read, 3 bits of entropy available)
[   11.302913] random: udevadm: uninitialized urandom read (16 bytes read, 3 bits of entropy available)
[   11.302955] random: udevadm: uninitialized urandom read (16 bytes read, 3 bits of entropy available)
[   11.302996] random: udevadm: uninitialized urandom read (16 bytes read, 3 bits of entropy available)
[   11.702455] e1000: Intel(R) PRO/1000 Network Driver - version 7.3.21-k8-NAPI
[   11.714264] e1000: Copyright (c) 1999-2006 Intel Corporation.
[   11.801223] Fusion MPT base driver 3.04.20
[   11.818896] Copyright (c) 1999-2008 LSI Corporation
[   11.862533] Fusion MPT SPI Host driver 3.04.20
[   11.902400] AVX version of gcm_enc/dec engaged.
[   11.957849] AES CTR mode by8 optimization enabled
[   12.119524] input: ImExPS/2 Generic Explorer Mouse as /devices/platform/i8042/serio1/input/input4
[   12.311733] e1000 0000:00:03.0 eth0: (PCI:33MHz:32-bit) 02:42:5d:6e:03:5a
[   12.345159] e1000 0000:00:03.0 eth0: Intel(R) PRO/1000 Network Connection
[   12.446671] mptbase: ioc0: Initiating bringup
[   12.447127] e1000 0000:00:03.0 enp0s3: renamed from eth0
[   12.582997] ioc0: LSI53C1030 A0: Capabilities={Initiator}
[   12.767788] scsi host2: ioc0: LSI53C1030 A0, FwRev=00000000h, Ports=1, MaxQ=256, IRQ=20
[   12.998554] scsi 2:0:0:0: Direct-Access     VBOX     HARDDISK         1.0  PQ: 0 ANSI: 5
[   13.057353] scsi target2:0:0: Beginning Domain Validation
[   13.069584] scsi target2:0:0: Domain Validation skipping write tests
[   13.098834] scsi target2:0:0: Ending Domain Validation
[   13.149557] scsi target2:0:0: asynchronous
[   13.204332] scsi 2:0:1:0: Direct-Access     VBOX     HARDDISK         1.0  PQ: 0 ANSI: 5
[   13.215347] scsi target2:0:1: Beginning Domain Validation
[   13.234968] scsi target2:0:1: Domain Validation skipping write tests
[   13.306235] scsi target2:0:1: Ending Domain Validation
[   13.328678] scsi target2:0:1: asynchronous
[   13.352766] sd 2:0:0:0: [sda] 20971520 512-byte logical blocks: (10.7 GB/10.0 GiB)
[   13.352854] sd 2:0:0:0: Attached scsi generic sg0 type 0
[   13.408445] sd 2:0:1:0: Attached scsi generic sg1 type 0
[   13.532465] sd 2:0:1:0: [sdb] 20480 512-byte logical blocks: (10.5 MB/10.0 MiB)
[   13.560796] sd 2:0:0:0: [sda] Write Protect is off
[   13.593531] sd 2:0:1:0: [sdb] Write Protect is off
[   13.611580] sd 2:0:0:0: [sda] Incomplete mode parameter data
[   13.615511] sd 2:0:1:0: [sdb] Incomplete mode parameter data
[   13.615512] sd 2:0:1:0: [sdb] Assuming drive cache: write through
[   13.656684] sd 2:0:0:0: [sda] Assuming drive cache: write through
[   13.662090] sd 2:0:1:0: [sdb] Attached SCSI disk
[   13.676795]  sda: sda1
[   13.709081] sd 2:0:0:0: [sda] Attached SCSI disk
[   14.903202] floppy0: no floppy controllers found
Begin: Loading e[   16.258411] md: linear personality registered for level -1
ssential drivers ... [   16.272895] md: multipath personality registered for level -4
[   16.306486] md: raid0 personality registered for level 0
[   16.334222] md: raid1 personality registered for level 1
[   16.434817] raid6: sse2x1   gen()  8329 MB/s
[   16.526932] raid6: sse2x1   xor()  6597 MB/s
[   16.622959] raid6: sse2x2   gen() 10518 MB/s
[   16.727025] raid6: sse2x2   xor()  7488 MB/s
[   16.798739] raid6: sse2x4   gen() 12069 MB/s
[   16.882662] raid6: sse2x4   xor()  8052 MB/s
[   16.923847] raid6: using algorithm sse2x4 gen() 12069 MB/s
[   16.950791] raid6: .... xor() 8052 MB/s, rmw enabled
[   16.955538] raid6: using ssse3x2 recovery algorithm
[   16.964175] xor: automatically using best checksumming function:
[   17.014738]    avx       : 16987.000 MB/sec
[   17.038346] async_tx: api initialized (async)
[   17.064155] md: raid6 personality registered for level 6
[   17.077765] md: raid5 personality registered for level 5
[   17.080594] md: raid4 personality registered for level 4
[   17.133970] md: raid10 personality registered for level 10
done.
Begin: Running /scripts/init-premount ... done.[   17.193693] Btrfs loaded

Begin: Mounting root file system ... Begin: Running /scripts/local-top ... done.
Begin: Running /scripts/local-premount ... Scanning for Btrfs filesystems
done.
Warning: fsck no[   17.251325] EXT4-fs (sda1): mounted filesystem with ordered data mode. Opts: (null)
t present, so skipping root file system
done.
Begin: Running /scripts/local-bottom ... done.
Begin: Running /scripts/init-bottom ... done.
[   17.367347] systemd[1]: systemd 229 running in system mode. (+PAM +AUDIT +SELINUX +IMA +APPARMOR +SMACK +SYSVINIT +UTMP +LIBCRYPTSETUP +GCRYPT +GNUTLS +ACL +XZ -LZ4 +SECCOMP +BLKID +ELFUTILS +KMOD -IDN)
[   17.501496] systemd[1]: Detected virtualization oracle.
[   17.530740] systemd[1]: Detected architecture x86-64.

Welcome to [1mUbuntu 16.04.3 LTS[0m!

[   17.592061] systemd[1]: Set hostname to <ubuntu>.
[   17.653130] systemd[1]: Initializing machine ID from random generator.
[   17.669251] systemd[1]: Installed transient /etc/machine-id file.
[   17.844368] systemd[1]: Reached target Encrypted Volumes.
[[0;32m  OK  [0m] Reached target Encrypted Volumes.
[   17.915141] systemd[1]: Listening on udev Kernel Socket.
[[0;32m  OK  [0m] Listening on udev Kernel Socket.
[   17.995325] systemd[1]: Listening on udev Control Socket.
[[0;32m  OK  [0m] Listening on udev Control Socket.
[   18.047345] systemd[1]: Listening on Journal Audit Socket.
[[0;32m  OK  [0m] Listening on Journal Audit Socket.
[   18.075307] systemd[1]: Listening on Journal Socket (/dev/log).
[[0;32m  OK  [0m] Listening on Journal Socket (/dev/log).
[   18.131070] systemd[1]: Listening on LVM2 metadata daemon socket.
[[0;32m  OK  [0m] Listening on LVM2 metadata daemon socket.
[   18.179334] systemd[1]: Started Forward Password Requests to Wall Directory Watch.
[[0;32m  OK  [0m] Started Forward Password Requests to Wall Directory Watch.
[   18.231438] systemd[1]: Set up automount Arbitrary Executable File Formats File System Automount Point.
[[0;32m  OK  [0m] Set up automount Arbitrary Executab...ats File System Automount Point.
[   18.340522] systemd[1]: Created slice System Slice.
[[0;32m  OK  [0m] Created slice System Slice.
[   18.364726] systemd[1]: Listening on /dev/initctl Compatibility Named Pipe.
[[0;32m  OK  [0m] Listening on /dev/initctl Compatibility Named Pipe.
[   18.451130] systemd[1]: Created slice User and Session Slice.
[[0;32m  OK  [0m] Created slice User and Session Slice.
[   18.491148] systemd[1]: Reached target Slices.
[[0;32m  OK  [0m] Reached target Slices.
[   18.563381] systemd[1]: Started Trigger resolvconf update for networkd DNS.
[[0;32m  OK  [0m] Started Trigger resolvconf update for networkd DNS.
[   18.651639] systemd[1]: Listening on Journal Socket.
[[0;32m  OK  [0m] Listening on Journal Socket.
[   18.742900] systemd[1]: Mounting Huge Pages File System...
         Mounting Huge Pages File System...
[   18.802794] systemd[1]: Starting Create list of required static device nodes for the current kernel...
         Starting Create list of required st... nodes for the current kernel...
[   18.845785] systemd[1]: Starting Set console keymap...
         Starting Set console keymap...
[   18.922906] systemd[1]: Starting Nameserver information manager...
         Starting Nameserver information manager...
[   19.010945] systemd[1]: Starting Load Kernel Modules...
[   19.025597] Loading iSCSI transport class v2.0-870.
         Starting Load Kernel Modules...
[   19.110394] iscsi: registered transport (tcp)
[   19.121332] systemd[1]: Listening on Syslog Socket.
[[0;32m  OK  [0m] Listening on Syslog Socket.
[   19.150919] systemd[1]: Starting Journal Service...
         Starting Journal Servic[   19.166783] iscsi: registered transport (iser)
e...
[   19.212504] systemd[1]: Mounting Debug File System...
         Mounting Debug File System...
[   19.263518] systemd[1]: Created slice system-serial\x2dgetty.slice.
[[0;32m  OK  [0m] Created slice system-serial\x2dgetty.slice.
[   19.318989] systemd[1]: Starting Uncomplicated firewall...
[   19.322622] random: nonblocking pool is initialized
         Starting Uncomplicated firewall...
[   19.446977] systemd[1]: Mounting POSIX Message Queue File System...
         Mounting POSIX Message Queue File System...
[   19.530841] systemd[1]: Listening on Device-mapper event daemon FIFOs.
[[0;32m  OK  [0m] Listening on Device-mapper event daemon FIFOs.
[   19.615160] systemd[1]: Starting Monitoring of LVM2 mirrors, snapshots etc. using dmeventd or progress polling...
         Starting Monitoring of LVM2 mirrors... dmeventd or progress polling...
[   19.703697] systemd[1]: Listening on LVM2 poll daemon socket.
[[0;32m  OK  [0m] Listening on LVM2 poll daemon socket.
[   19.735178] systemd[1]: Reached target Swap.
[[0;32m  OK  [0m] Reached target Swap.
[   19.834777] systemd[1]: Starting Remount Root and Kernel File Systems...
[   19.838761] EXT4-fs (sda1): re-mounted. Opts: (null)
         Starting Remount Root and Kernel File Systems...
[   19.975390] systemd[1]: Reached target User and Group Name Lookups.
[[0;32m  OK  [0m] Reached target User and Group Name Lookups.
[   20.015634] systemd[1]: Mounted Debug File System.
[[0;32m  OK  [0m] Mounted Debug File System.
[   20.087361] systemd[1]: Mounted Huge Pages File System.
[[0;32m  OK  [0m] Mounted Huge Pages File System.
[   20.156374] systemd[1]: Mounted POSIX Message Queue File System.
[[0;32m  OK  [0m] Mounted POSIX Message Queue File System.
[   20.191176] systemd[1]: Started Journal Service.
[[0;32m  OK  [0m] Started Journal Service.
[[0;32m  OK  [0m] Started Create list of required sta...ce nodes for the current kernel.
[[0;32m  OK  [0m] Started Set console keymap.
[[0;32m  OK  [0m] Started Load Kernel Modules.
[[0;32m  OK  [0m] Started Uncomplicated firewall.
[[0;32m  OK  [0m] Started Remount Root and Kernel File Systems.
[[0;32m  OK  [0m] Started Nameserver information manager.
[[0;32m  OK  [0m] Started LVM2 metadata daemon.
         Starting udev Coldplug all Devices...
         Starting Load/Save Random Seed...
         Starting Initial cloud-init job (pre-networking)...
         Starting Apply Kernel Variables...
         Mounting FUSE Control File System...
         Starting Create Static Device Nodes in /dev...
         Starting Flush Journal to Persistent Storage...
[[0;32m  OK  [0m] Mounted FUSE Control File System.
[[0;32m  OK  [0m] Started Load/Save Random Seed.
[[0;32m  OK  [0m] Started Apply Kernel Variables.
[[0;32m  OK  [0m] Started Create Static Device Nodes in /dev.
[[0;32m  OK  [0m] Started Monitoring of LVM2 mirrors,...ng dmeventd or progress polling.
[[0;32m  OK  [0m] Started udev Coldplug all Devices.
[[0;32m  OK  [0m] Started Flush Journal to Persistent Storage.
         Starting udev Kernel Device Manager...
[[0;32m  OK  [0m] Started udev Kernel Device Manager.
[[0;32m  OK  [0m] Started Dispatch Password Requests to Console Directory Watch.
[[0;32m  OK  [0m] Reached target Local File Systems (Pre).
[[0;32m  OK  [0m] Reached target Local File Systems.
         Starting LSB: AppArmor initialization...
         Starting Create Volatile Files and Directories...
         Starting Tell Plymouth To Write Out Runtime Data...
         Starting Commit a transient machine-id on disk...
         Starting Set console font and keymap...
[[0;32m  OK  [0m] Started Create Volatile Files and Directories.
[[0;32m  OK  [0m] Started Tell Plymouth To Write Out Runtime Data.
[[0;32m  OK  [0m] Started Commit a transient machine-id on disk.
[[0;32m  OK  [0m] Found device /dev/ttyS0.
[   16.178830] cloud-init[445]: Cloud-init v. 0.7.9 running 'init-local' at Tue, 19 Sep 2017 22:32:40 +0000. Up 15.63 seconds.
[[0;32m  OK  [0m] Started Initial cloud-init job (pre-networking).
[[0;32m  OK  [0m] Reached target Network (Pre).
[[0;32m  OK  [0m] Listening on Load/Save RF Kill Switch Status /dev/rfkill Watch.
         Starting Update UTMP about System Boot/Shutdown...
[[0;32m  OK  [0m] Reached target System Time Synchronized.
[[0;32m  OK  [0m] Started LSB: AppArmor initialization.
[[0;32m  OK  [0m] Started Set console font and keymap.
[[0;32m  OK  [0m] Started Update UTMP about System Boot/Shutdown.
[[0;32m  OK  [0m] Created slice system-getty.slice.
         Starting Raise network interfaces...
[[0;32m  OK  [0m] Started Raise network interfaces.
         Starting Initial cloud-init job (metadata service crawler)...
[[0;32m  OK  [0m] Reached target Network.
[   20.003894] cloud-init[927]: Cloud-init v. 0.7.9 running 'init' at Tue, 19 Sep 2017 22:32:43 +0000. Up 19.23 seconds.
[   20.037034] cloud-init[927]: ci-info: +++++++++++++++++++++++++++++++++++++Net device info+++++++++++++++++++++++++++++++++++++
[   20.080808] cloud-init[927]: ci-info: +--------+------+---------------------------+---------------+-------+-------------------+
[   20.081210] cloud-init[927]: ci-info: | Device |  Up  |          Address          |      Mask     | Scope |     Hw-Address    |
[[0;32m  OK  [0m] Started Initial cloud-init job (metadata service crawler).
[   20.081455] cloud-init[927]: ci-info: +--------+------+---------------------------+---------------+-------+-------------------+
[   20.308912] cloud-init[927]: ci-info: |   lo   | True |         127.0.0.1         |   255.0.0.0   |   .   |         .         |
[   20.309343] cloud-init[927]: ci-info: |   lo   | True |          ::1/128          |       .       |  host |         .         |
[[0;32m  OK  [0m] Reached target System Initialization.
[   20.309597] cloud-init[927]: ci-info: | enp0s3 | True |         10.0.2.15         | 255.255.255.0 |   .   | 02:42:5d:6e:03:5a |
[   20.460815] cloud-init[927]: ci-info: | enp0s3 | True | fe80::42:5dff:fe6e:35a/64 |       .       |  link | 02:42:5d:6e:03:5a |
[[0;32m  OK  [0m] Started Daily Cleanup of Temporary Directories.
[   20.461002] cloud-init[927]: ci-info: +--------+------+---------------------------+---------------+-------+-------------------+
[   20.589289] cloud-init[927]: ci-info: +++++++++++++++++++++++++++Route IPv4 info++++++++++++++++++++++++++++
[[0;32m  OK  [0m] Listening on UUID daemon activation socket.
[   20.589412] cloud-init[927]: ci-info: +-------+-------------+----------+---------------+-----------+-------+
[   20.833310] cloud-init[927]: ci-info: | Route | Destination | Gateway  |    Genmask    | Interface | Flags |
[   20.833607] cloud-init[927]: ci-info: +-------+-------------+----------+---------------+-----------+-------+
[[0;32m  OK  [0m] Started ACPI Events Check.
[   20.833765] cloud-init[927]: ci-info: |   0   |   0.0.0.0   | 10.0.2.2 |    0.0.0.0    |   enp0s3  |   UG  |
[   20.921377] cloud-init[927]: ci-info: |   1   |   10.0.2.0  | 0.0.0.0  | 255.255.255.0 |   enp0s3  |   U   |
[[0;32m  OK  [0m] Reached target Paths.
         Starting Socket activation for snappy daemon.
[   20.921490] cloud-init[927]: ci-info: +-------+-------------+----------+---------------+-----------+-------+
[   21.028652] cloud-init[927]: Generating public/private rsa key pair.
[   21.029055] cloud-init[927]: Your identification has been saved in /etc/ssh/ssh_host_rsa_key.
         Starting LXD - unix socket.
[[   21.029277] cloud-init[927]: Your public key has been saved in /etc/ssh/ssh_host_rsa_key.pub.
[   21.133537] cloud-init[927]: The key fingerprint is:
[   21.133662] cloud-init[927]: SHA256:Srxn/wydIevZXPIlRrRgextwIvInQflE5czEEakEVSI root@ubuntu-xenial
[0;32m  OK  [0m] Started Timer to automatically refresh installed snaps.
[   21.133848] cloud-init[927]: The key's randomart image is:
[   21.293134] cloud-init[927]: +---[RSA 2048]----+
[[0;32m  OK  [0m] Listening on D-Bus System Message Bus Socket.
[   21.293392] cloud-init[927]: |          E=++*+ |
[   21.353113] cloud-init[927]: |         ...o*o  |
[[0;32m  OK  [0m] Started Timer to automatically fetch and run repair assertions.
[[   21.353304] cloud-init[927]: |        . o+=.*  |
[   21.452872] cloud-init[927]: |     .   o +oB . |
[0;32m  OK  [0m] Listening on ACPID Listen Socket.
[   21.453017] cloud-init[927]: |      o S + + =  |
[   21.550021] cloud-init[927]: |     . o   * = o |
[[0;32m  OK  [0m] Reached target Cloud-config availability.
[   21.550387] cloud-init[927]: |      o o o + = .|
[   21.654005] cloud-init[927]: |       o o * = o |
[[0;32m  OK  [0m] Reached target Network is Online.
[   21.654548] cloud-init[927]: |          +.= .  |
[   21.736738] cloud-init[927]: +----[SHA256]-----+
[   21.737046] cloud-init[927]: Generating public/private dsa key pair.
         Starting iSCSI initiator daemon (iscsid)...
[[   21.737201] cloud-init[927]: Your identification has been saved in /etc/ssh/ssh_host_dsa_key.
[   21.801125] cloud-init[927]: Your public key has been saved in /etc/ssh/ssh_host_dsa_key.pub.
[   21.801244] cloud-init[927]: The key fingerprint is:
[   21.801407] cloud-init[927]: SHA256:n3iKXEXuib8cY8iA7p0J+27QvbmhLdMCHl+0RH/4ZlU root@ubuntu-xenial
[   21.801611] cloud-init[927]: The key's randomart image is:
[   21.801776] cloud-init[927]: +---[DSA 1024]----+
[   21.801938] cloud-init[927]: |                 |
[   21.802274] cloud-init[927]: |        .       E|
[   21.802427] cloud-init[927]: |       . ...   . |
[   21.802595] cloud-init[927]: |     .  ooo . .  |
[   21.802749] cloud-init[927]: |    ...+S.oo .   |
[0;32m  OK  [0m] Started Daily apt download activities.
[   21.802914] cloud-init[927]: |   .+ .o+B o+    |
[   22.029309] cloud-init[927]: |   .o= oBoXo     |
[[0;32m  OK  [0m] Started Daily apt upgrade and clean activities.
[   22.029435] cloud-init[927]: |   ..=*B+B o     |
[   22.056750] cloud-init[927]: |    o+X++.+.     |
[[0;32m  OK  [0m] Reached target Timers.
[   22.056856] cloud-init[927]: +----[SHA256]-----+
[   22.117056] cloud-init[927]: Generating public/private ecdsa key pair.
[[0;32m  OK  [0m] Listening on Socket activation for snappy daemon.
[   22.117244] cloud-init[927]: Your identification has been saved in /etc/ssh/ssh_host_ecdsa_key.
[   22.204987] cloud-init[927]: Your public key has been saved in /etc/ssh/ssh_host_ecdsa_key.pub.
[[0;32m  OK  [0m] Listening on LXD - unix socket.
[   22.205132] cloud-init[927]: The key fingerprint is:
[[0;32m  OK  [0m[   22.238922] cloud-init[927]: SHA256:vgClqAApW1JV4I9QHSgN/5Ugl7yg7HXYfRq9cxp5sWU root@ubuntu-xenial
] Reached target Sockets.
[   22.239856] cloud-init[927]: The key's randomart image is:
[   22.299556] cloud-init[927]: +---[ECDSA 256]---+
[   22.299974] cloud-init[927]: |  o+=*=o         |
[[0;32m  OK  [0m] Reached target Basic System.
[   22.300254] cloud-init[927]: | o.++o+. .       |
[   22.375231] cloud-init[927]: |=.ooo+.oo.       |
[   22.394521] cloud-init[927]: |o+ooo*+.o o . E  |
[   22.394864] cloud-init[927]: |o...+.o S+ o =   |
         Starting LSB: MD monitoring daemon...
[   22.395037] cloud-init[927]: |...  . .. = +    |
[   22.516364] cloud-init[927]: |.     . .  *     |
[   22.516730] cloud-init[927]: |       . ..      |
[[0;32m  OK  [0m] Started FUSE filesystem for LXC.
[   22.516886] cloud-init[927]: |        .        |
[   22.565100] cloud-init[927]: +----[SHA256]-----+
[   22.565692] cloud-init[927]: Generating public/private ed25519 key pair.
         Starting Login Service...
[   22.566287] cloud-init[927]: Your identification has been saved in /etc/ssh/ssh_host_ed25519_key.
         Starting System Logging Service...
[   22.677641] cloud-init[927]: Your public key has been saved in /etc/ssh/ssh_host_ed25519_key.pub.
[   22.709292] cloud-init[927]: The key fingerprint is:
[   22.709703] cloud-init[927]: SHA256:O3eUCYp5sYDUiASsT9PDX83UUlH/OW3VJSyGlbM3Qj8 root@ubuntu-xenial
[[0;32m  OK  [0m] Started Deferred execution scheduler.
[   22.710272] cloud-init[927]: The key's randomart image is:
[   22.792521] cloud-init[927]: +--[ED25519 256]--+
[   22.812440] cloud-init[927]: |oo...o     =+=o .|
[   22.812773] cloud-init[927]: | ......   + B .oo|
         Starting Apply the settings specified in cloud-config...
[   22.812916] cloud-init[927]: |.  o. . .+.+ =  +|
[   22.864474] cloud-init[927]: |. o +  +.+o.ooE =|
[   22.878081] cloud-init[927]: | o . oo.S   +o =+|
[[0;32m  OK  [0m] Started ACPI event daemon.
[   22.878702] cloud-init[927]: |  .   .. . .   ..|
[   22.908474] cloud-init[927]: |        o . .    |
[   22.908788] cloud-init[927]: |         o .     |
[[0;32m  OK  [0m] Started Regular background program processing daemon.
[   22.909440] cloud-init[927]: |                 |
[[0;32m  OK  [0m] Started D-Bus System Message Bus.
[   22.996060] cloud-init[927]: +----[SHA256]-----+
         Starting Pollinate to seed the pseudo random number generator...
         Starting LXD - container startup/shutdown...
         Starting Accounts Service...
         Starting Snappy daemon...
[[0;32m  OK  [0m] Started Unattended Upgrades Shutdown.
         Starting /etc/rc.local Compatibility...
         Starting LSB: Record successful boot for GRUB...
[[0;32m  OK  [0m] Started System Logging Service.
[[0;32m  OK  [0m] Started iSCSI initiator daemon (iscsid).
[[0;32m  OK  [0m] Started /etc/rc.local Compatibility.
[[0;32m  OK  [0m] Started Snappy daemon.
[[0;32m  OK  [0m] Started LSB: MD monitoring daemon.
[[0;32m  OK  [0m] Started LXD - container startup/shutdown.
[[0;32m  OK  [0m] Started Login Service.
[[0;32m  OK  [0m] Started LSB: Record successful boot for GRUB.
         Starting Authenticate and Authorize Users to Run Privileged Tasks...
         Starting Auto import assertions from block devices...
         Starting Login to default iSCSI targets...
[[0;32m  OK  [0m] Started Auto import assertions from block devices.
[[0;32m  OK  [0m] Started Authenticate and Authorize Users to Run Privileged Tasks.
[   23.566333] cloud-init[1044]: Generating locales (this might take a while)...
[[0;32m  OK  [0m] Started Accounts Service.
[[0;32m  OK  [0m] Started Login to default iSCSI targets.
[[0;32m  OK  [0m] Reached target Remote File Systems (Pre).
[[0;32m  OK  [0m] Reached target Remote File Systems.
         Starting LSB: VirtualBox Linux Additions...
         Starting LSB: daemon to balance interrupts for SMP systems...
         Starting LSB: automatic crash report generation...
         Starting LSB: Set the CPU Frequency Scaling governor to "ondemand"...
         Starting Permit User Sessions...
[[0;32m  OK  [0m] Started Permit User Sessions.
         Starting Terminate Plymouth Boot Screen...
         Starting Hold until boot process finishes up...
[[0;32m  OK  [0m] Started LSB: VirtualBox Linux Additions.
[[0;32m  OK  [0m] Started LSB: daemon to balance interrupts for SMP systems.
[[0;32m  OK  [0m] Started LSB: automatic crash report generation.
[[0;32m  OK  [0m] Started Terminate Plymouth Boot Screen.
[[0;32m  OK  [0m] Started Hold until boot process finishes up.
[[0;32m  OK  [0m] Started LSB: Set the CPU Frequency Scaling governor to "ondemand".
         Starting Set console scheme...
[[0;32m  OK  [0m] Started Serial Getty on ttyS0.
[[0;32m  OK  [0m] Started Getty on tty1.
[[0;32m  OK  [0m] Reached target Login Prompts.
[[0;32m  OK  [0m] Started Set console scheme.
[[0;32m  OK  [0m] Started Pollinate to seed the pseudo random number generator.
         Starting OpenBSD Secure Shell server...
[[0;32m  OK  [0m] Started OpenBSD Secure Shell server.
[[0;32m  OK  [0m] Reached target Multi-User System.
[[0;32m  OK  [0m] Reached target Graphical Interface.
         Starting Update UTMP about System Runlevel Changes...
[[0;32m  OK  [0m] Started Update UTMP about System Runlevel Changes.
[   24.717100] cloud-init[1044]:   en_US.UTF-8... done
[   24.732682] cloud-init[1044]: Generation complete.
         Stopping OpenBSD Secure Shell server...
[[0;32m  OK  [0m] Stopped OpenBSD Secure Shell server.
         Starting OpenBSD Secure Shell server...
[[0;32m  OK  [0m] Started OpenBSD Secure Shell server.
[   25.211157] cloud-init[1044]: Cloud-init v. 0.7.9 running 'modules:config' at Tue, 19 Sep 2017 22:32:47 +0000. Up 23.35 seconds.
[[0;32m  OK  [0m] Started Apply the settings specified in cloud-config.
         Starting Execute cloud user/final scripts...
ci-info: no authorized ssh keys fingerprints found for user ubuntu.
<14>Sep 19 22:32:50 ec2: 
<14>Sep 19 22:32:50 ec2: #############################################################
<14>Sep 19 22:32:50 ec2: -----BEGIN SSH HOST KEY FINGERPRINTS-----
<14>Sep 19 22:32:50 ec2: 1024 SHA256:n3iKXEXuib8cY8iA7p0J+27QvbmhLdMCHl+0RH/4ZlU root@ubuntu-xenial (DSA)
<14>Sep 19 22:32:50 ec2: 256 SHA256:vgClqAApW1JV4I9QHSgN/5Ugl7yg7HXYfRq9cxp5sWU root@ubuntu-xenial (ECDSA)
<14>Sep 19 22:32:50 ec2: 256 SHA256:O3eUCYp5sYDUiASsT9PDX83UUlH/OW3VJSyGlbM3Qj8 root@ubuntu-xenial (ED25519)
<14>Sep 19 22:32:50 ec2: 2048 SHA256:Srxn/wydIevZXPIlRrRgextwIvInQflE5czEEakEVSI root@ubuntu-xenial (RSA)
<14>Sep 19 22:32:50 ec2: -----END SSH HOST KEY FINGERPRINTS-----
<14>Sep 19 22:32:50 ec2: #############################################################
-----BEGIN SSH HOST KEY KEYS-----
ecdsa-sha2-nistp256 AAAAE2VjZHNhLXNoYTItbmlzdHAyNTYAAAAIbmlzdHAyNTYAAABBBPsCx+ZMmwLiZ6lCVUIQSlHt1b/pgMh364eouXeeClTy+UaKx2sO/zP90yjQQCtTmEfhd8e2Zvc4RgBqCu9IxLU= root@ubuntu-xenial
ssh-ed25519 AAAAC3NzaC1lZDI1NTE5AAAAIJ8WBFwRqjF7Ynl8XbHNUW5v3pOZD9MwgPCtzuHYA1Gs root@ubuntu-xenial
ssh-rsa AAAAB3NzaC1yc2EAAAADAQABAAABAQDVFw2fNtYUGMEEK5UyoOSp/Fdu2H8N6C+EVcaq29J6+G3ZWzXnsMWvuHQdzZIlROIS/ar23aXLSBQWdzQ4SLxRYqip4kbagDPlICZsKV493dhfA1LTkWfm9fu8bjlTVHAH+k1eywP6scCKIOAi7d8TCpvxX7HlRL+3KZgzNiPYHo4aKbIh7+I7Z/YfZ+ayTVECS8AWcHoUdNotoSqLAafD5Ra/arWiUzNJpmdGDD4jnrYuif7iq95aAPCAC8OoIyIg33Oc7OvalBaveh/9U9rz9dI+Gri+Tr2aKsBKLPY3YXanhqjh0xrjwhRSed416Jysx3B7UuB/764vyCTbKu1h root@ubuntu-xenial
-----END SSH HOST KEY KEYS-----
[   26.577693] cloud-init[1300]: Cloud-init v. 0.7.9 running 'modules:final' at Tue, 19 Sep 2017 22:32:50 +0000. Up 25.66 seconds.
[   26.616470] cloud-init[1300]: ci-info: no authorized ssh keys fingerprints found for user ubuntu.
[   26.649370] cloud-init[1300]: Cloud-init v. 0.7.9 finished at Tue, 19 Sep 2017 22:32:51 +0000. Datasource DataSourceNoCloud [seed=/dev/sdb][dsmode=net].  Up 26.56 seconds
[[0;32m  OK  [0m] Started Execute cloud user/final scripts.
[[0;32m  OK  [0m] Reached target Cloud-init target.

Ubuntu 16.04.3 LTS ubuntu-xenial ttyS0

ubuntu-xenial login: 